<?xml version="1.0" encoding="UTF-8"?>
<!-- Generated by org.testng.reporters.JUnitReportReporter -->
<testsuite hostname="MDB20LT318" name="com.qa.rest.test.APIGetDetails" tests="1" failures="0" timestamp="14 Jun 2019 08:03:20 GMT" time="2.017" errors="0">
  <testcase name="getTest" time="2.017" classname="com.qa.rest.test.APIGetDetails"/>
</testsuite> <!-- com.qa.rest.test.APIGetDetails -->
