<?xml version="1.0" encoding="UTF-8"?>
<!-- Generated by org.testng.reporters.JUnitReportReporter -->
<testsuite hostname="MDB20LT318" name="com.qa.testcase.Authentication$premitive" tests="1" failures="0" timestamp="27 May 2019 12:20:56 GMT" time="2.417" errors="0">
  <testcase name="preauth" time="2.417" classname="com.qa.testcase.Authentication$premitive"/>
</testsuite> <!-- com.qa.testcase.Authentication$premitive -->
