<?xml version="1.0" encoding="UTF-8"?>
<!-- Generated by org.testng.reporters.JUnitReportReporter -->
<testsuite hostname="W12DNABPTS01" name="com.qa.testcase.TC1_GET" tests="2" failures="0" timestamp="14 Aug 2019 09:44:36 GMT" time="15.488" errors="0">
  <testcase name="TC001_getEmployeeDetails" time="12.872" classname="com.qa.testcase.TC1_GET"/>
  <testcase name="TC002_getSpecificEmployeeDetails" time="2.616" classname="com.qa.testcase.TC1_GET"/>
</testsuite> <!-- com.qa.testcase.TC1_GET -->
