<?xml version="1.0" encoding="UTF-8"?>
<!-- Generated by org.testng.reporters.JUnitReportReporter -->
<testsuite hostname="MDB20LT318" name="com.qa.rest.test.GetAPITest" tests="2" failures="0" timestamp="14 Jun 2019 12:12:05 GMT" time="3.294" errors="0">
  <testcase name="getAPITestWithoutHeaders" time="2.384" classname="com.qa.rest.test.GetAPITest"/>
  <testcase name="getAPITestWithHeaders" time="0.910" classname="com.qa.rest.test.GetAPITest"/>
</testsuite> <!-- com.qa.rest.test.GetAPITest -->
