<?xml version="1.0" encoding="UTF-8"?>
<!-- Generated by org.testng.reporters.JUnitReportReporter -->
<testsuite hostname="W12DNABPTS01" name="com.qa.base.ReadAndWriteLogFile" tests="1" failures="0" timestamp="12 Aug 2019 07:02:20 GMT" time="0.010" errors="0">
  <testcase name="file_read" time="0.010" classname="com.qa.base.ReadAndWriteLogFile"/>
</testsuite> <!-- com.qa.base.ReadAndWriteLogFile -->
