<?xml version="1.0" encoding="UTF-8"?>
<!-- Generated by org.testng.reporters.JUnitReportReporter -->
<testsuite hostname="W12DNABPTS01" name="com.qa.base.RetriveLog" tests="1" failures="0" timestamp="14 Aug 2019 09:48:15 GMT" time="2.157" errors="0">
  <testcase name="searchlog" time="2.157" classname="com.qa.base.RetriveLog"/>
</testsuite> <!-- com.qa.base.RetriveLog -->
