<?xml version="1.0" encoding="UTF-8"?>
<!-- Generated by org.testng.reporters.JUnitReportReporter -->
<testsuite hostname="MDB20LT318" name="com.qa.rest.test.GetCallBDD" tests="1" failures="0" timestamp="11 Jun 2019 07:55:13 GMT" time="2.817" errors="0">
  <testcase name="testCircuits" time="2.817" classname="com.qa.rest.test.GetCallBDD"/>
</testsuite> <!-- com.qa.rest.test.GetCallBDD -->
