<?xml version="1.0" encoding="UTF-8"?>
<!-- Generated by org.testng.reporters.JUnitReportReporter -->
<testsuite hostname="W12DNABPTS01" name="com.qa.testcase.TC2_GET" tests="1" failures="0" timestamp="14 Aug 2019 06:27:14 GMT" time="3.009" errors="0">
  <testcase name="TC002_getSpecificEmployeeDetails" time="3.009" classname="com.qa.testcase.TC2_GET"/>
</testsuite> <!-- com.qa.testcase.TC2_GET -->
